# JRE version: OpenJDK Runtime Environment (8.0_312-b07) (build 1.8.0_312-b07)
# Java VM: OpenJDK 64-Bit Server VM (25.312-b07 mixed mode windows-amd64 compressed oops)
Heap:
 PSYoungGen      total 239616K, used 37600K [0x000000078b000000, 0x000000079d880000, 0x00000007c0000000)
  eden space 199168K, 14% used [0x000000078b000000,0x000000078cb72408,0x0000000797280000)
  from space 40448K, 23% used [0x000000079b100000,0x000000079ba45d50,0x000000079d880000)
  to   space 52224K, 0% used [0x0000000797280000,0x0000000797280000,0x000000079a580000)
 ParOldGen       total 286208K, used 130803K [0x0000000721000000, 0x0000000732780000, 0x000000078b000000)
  object space 286208K, 45% used [0x0000000721000000,0x0000000728fbce80,0x0000000732780000)
 Metaspace       used 59082K, capacity 60272K, committed 60288K, reserved 1101824K
  class space    used 6711K, capacity 7026K, committed 7040K, reserved 1048576K
GC Heap History (10 events):
Event: 11.821 GC heap before
{Heap before GC invocations=11 (full 2):
 PSYoungGen      total 161280K, used 161257K [0x000000078b000000, 0x0000000796e80000, 0x00000007c0000000)
  eden space 137728K, 100% used [0x000000078b000000,0x0000000793680000,0x0000000793680000)
  from space 23552K, 99% used [0x0000000795500000,0x0000000796bfa5b8,0x0000000796c00000)
  to   space 28672K, 0% used [0x0000000793680000,0x0000000793680000,0x0000000795280000)
 ParOldGen       total 142848K, used 43441K [0x0000000721000000, 0x0000000729b80000, 0x000000078b000000)
  object space 142848K, 30% used [0x0000000721000000,0x0000000723a6c4c8,0x0000000729b80000)
 Metaspace       used 51396K, capacity 52376K, committed 52608K, reserved 1095680K
  class space    used 6169K, capacity 6438K, committed 6528K, reserved 1048576K
Event: 11.857 GC heap after
Heap after GC invocations=11 (full 2):
 PSYoungGen      total 166400K, used 28640K [0x000000078b000000, 0x000000079ab00000, 0x00000007c0000000)
  eden space 137728K, 0% used [0x000000078b000000,0x000000078b000000,0x0000000793680000)
  from space 28672K, 99% used [0x0000000793680000,0x0000000795278320,0x0000000795280000)
  to   space 40960K, 0% used [0x0000000798300000,0x0000000798300000,0x000000079ab00000)
 ParOldGen       total 142848K, used 64808K [0x0000000721000000, 0x0000000729b80000, 0x000000078b000000)
  object space 142848K, 45% used [0x0000000721000000,0x0000000724f4a158,0x0000000729b80000)
 Metaspace       used 51396K, capacity 52376K, committed 52608K, reserved 1095680K
  class space    used 6169K, capacity 6438K, committed 6528K, reserved 1048576K
}
Event: 16.535 GC heap before
{Heap before GC invocations=12 (full 2):
 PSYoungGen      total 166400K, used 166368K [0x000000078b000000, 0x000000079ab00000, 0x00000007c0000000)
  eden space 137728K, 100% used [0x000000078b000000,0x0000000793680000,0x0000000793680000)
  from space 28672K, 99% used [0x0000000793680000,0x0000000795278320,0x0000000795280000)
  to   space 40960K, 0% used [0x0000000798300000,0x0000000798300000,0x000000079ab00000)
 ParOldGen       total 142848K, used 64808K [0x0000000721000000, 0x0000000729b80000, 0x000000078b000000)
  object space 142848K, 45% used [0x0000000721000000,0x0000000724f4a158,0x0000000729b80000)
 Metaspace       used 54379K, capacity 55432K, committed 55680K, reserved 1097728K
  class space    used 6407K, capacity 6686K, committed 6784K, reserved 1048576K
Event: 16.587 GC heap after
Heap after GC invocations=12 (full 2):
 PSYoungGen      total 203264K, used 40951K [0x000000078b000000, 0x000000079c280000, 0x00000007c0000000)
  eden space 162304K, 0% used [0x000000078b000000,0x000000078b000000,0x0000000794e80000)
  from space 40960K, 99% used [0x0000000798300000,0x000000079aafdfc8,0x000000079ab00000)
  to   space 53760K, 0% used [0x0000000794e80000,0x0000000794e80000,0x0000000798300000)
 ParOldGen       total 142848K, used 83106K [0x0000000721000000, 0x0000000729b80000, 0x000000078b000000)
  object space 142848K, 58% used [0x0000000721000000,0x00000007261289a8,0x0000000729b80000)
 Metaspace       used 54379K, capacity 55432K, committed 55680K, reserved 1097728K
  class space    used 6407K, capacity 6686K, committed 6784K, reserved 1048576K
}
Event: 19.664 GC heap before
{Heap before GC invocations=13 (full 2):
 PSYoungGen      total 203264K, used 203255K [0x000000078b000000, 0x000000079c280000, 0x00000007c0000000)
  eden space 162304K, 100% used [0x000000078b000000,0x0000000794e80000,0x0000000794e80000)
  from space 40960K, 99% used [0x0000000798300000,0x000000079aafdfc8,0x000000079ab00000)
  to   space 53760K, 0% used [0x0000000794e80000,0x0000000794e80000,0x0000000798300000)
 ParOldGen       total 142848K, used 83106K [0x0000000721000000, 0x0000000729b80000, 0x000000078b000000)
  object space 142848K, 58% used [0x0000000721000000,0x00000007261289a8,0x0000000729b80000)
 Metaspace       used 56696K, capacity 57812K, committed 58112K, reserved 1099776K
  class space    used 6491K, capacity 6798K, committed 6912K, reserved 1048576K
Event: 19.762 GC heap after
Heap after GC invocations=13 (full 2):
 PSYoungGen      total 216064K, used 29471K [0x000000078b000000, 0x000000079e480000, 0x00000007c0000000)
  eden space 162304K, 0% used [0x000000078b000000,0x000000078b000000,0x0000000794e80000)
  from space 53760K, 54% used [0x0000000794e80000,0x0000000796b47f48,0x0000000798300000)
  to   space 52736K, 0% used [0x000000079b100000,0x000000079b100000,0x000000079e480000)
 ParOldGen       total 142848K, used 122372K [0x0000000721000000, 0x0000000729b80000, 0x000000078b000000)
  object space 142848K, 85% used [0x0000000721000000,0x00000007287810e0,0x0000000729b80000)
 Metaspace       used 56696K, capacity 57812K, committed 58112K, reserved 1099776K
  class space    used 6491K, capacity 6798K, committed 6912K, reserved 1048576K
}
Event: 19.762 GC heap before
{Heap before GC invocations=14 (full 3):
 PSYoungGen      total 216064K, used 29471K [0x000000078b000000, 0x000000079e480000, 0x00000007c0000000)
  eden space 162304K, 0% used [0x000000078b000000,0x000000078b000000,0x0000000794e80000)
  from space 53760K, 54% used [0x0000000794e80000,0x0000000796b47f48,0x0000000798300000)
  to   space 52736K, 0% used [0x000000079b100000,0x000000079b100000,0x000000079e480000)
 ParOldGen       total 142848K, used 122372K [0x0000000721000000, 0x0000000729b80000, 0x000000078b000000)
  object space 142848K, 85% used [0x0000000721000000,0x00000007287810e0,0x0000000729b80000)
 Metaspace       used 56696K, capacity 57812K, committed 58112K, reserved 1099776K
  class space    used 6491K, capacity 6798K, committed 6912K, reserved 1048576K
Event: 20.336 GC heap after
Heap after GC invocations=14 (full 3):
 PSYoungGen      total 216064K, used 0K [0x000000078b000000, 0x000000079e480000, 0x00000007c0000000)
  eden space 162304K, 0% used [0x000000078b000000,0x000000078b000000,0x0000000794e80000)
  from space 53760K, 0% used [0x0000000794e80000,0x0000000794e80000,0x0000000798300000)
  to   space 52736K, 0% used [0x000000079b100000,0x000000079b100000,0x000000079e480000)
 ParOldGen       total 286208K, used 130795K [0x0000000721000000, 0x0000000732780000, 0x000000078b000000)
  object space 286208K, 45% used [0x0000000721000000,0x0000000728fbae80,0x0000000732780000)
 Metaspace       used 56696K, capacity 57812K, committed 58112K, reserved 1099776K
  class space    used 6491K, capacity 6798K, committed 6912K, reserved 1048576K
}
Event: 23.324 GC heap before
{Heap before GC invocations=15 (full 3):
 PSYoungGen      total 216064K, used 162304K [0x000000078b000000, 0x000000079e480000, 0x00000007c0000000)
  eden space 162304K, 100% used [0x000000078b000000,0x0000000794e80000,0x0000000794e80000)
  from space 53760K, 0% used [0x0000000794e80000,0x0000000794e80000,0x0000000798300000)
  to   space 52736K, 0% used [0x000000079b100000,0x000000079b100000,0x000000079e480000)
 ParOldGen       total 286208K, used 130795K [0x0000000721000000, 0x0000000732780000, 0x000000078b000000)
  object space 286208K, 45% used [0x0000000721000000,0x0000000728fbae80,0x0000000732780000)
 Metaspace       used 58829K, capacity 60006K, committed 60032K, reserved 1101824K
  class space    used 6707K, capacity 7023K, committed 7040K, reserved 1048576K
Event: 23.346 GC heap after
Heap after GC invocations=15 (full 3):
 PSYoungGen      total 239616K, used 9495K [0x000000078b000000, 0x000000079d880000, 0x00000007c0000000)
  eden space 199168K, 0% used [0x000000078b000000,0x000000078b000000,0x0000000797280000)
  from space 40448K, 23% used [0x000000079b100000,0x000000079ba45d50,0x000000079d880000)
  to   space 52224K, 0% used [0x0000000797280000,0x0000000797280000,0x000000079a580000)
 ParOldGen       total 286208K, used 130803K [0x0000000721000000, 0x0000000732780000, 0x000000078b000000)
  object space 286208K, 45% used [0x0000000721000000,0x0000000728fbce80,0x0000000732780000)
 Metaspace       used 58829K, capacity 60006K, committed 60032K, reserved 1101824K
  class space    used 6707K, capacity 7023K, committed 7040K, reserved 1048576K
}

