# JRE version: OpenJDK Runtime Environment (8.0_312-b07) (build 1.8.0_312-b07)
# Java VM: OpenJDK 64-Bit Server VM (25.312-b07 mixed mode windows-amd64 compressed oops)
Heap:
 PSYoungGen      total 825856K, used 823900K [0x0000000780000000, 0x00000007c0000000, 0x00000007c0000000)
  eden space 700416K, 99% used [0x0000000780000000,0x00000007aaa525e0,0x00000007aac00000)
  from space 125440K, 99% used [0x00000007aac00000,0x00000007b2644e18,0x00000007b2680000)
  to   space 177152K, 39% used [0x00000007b5300000,0x00000007b982bcc0,0x00000007c0000000)
 ParOldGen       total 1879040K, used 281714K [0x0000000700000000, 0x0000000772b00000, 0x0000000780000000)
  object space 1879040K, 14% used [0x0000000700000000,0x000000071131c9d0,0x0000000772b00000)
 Metaspace       used 118752K, capacity 128664K, committed 155608K, reserved 1183744K
  class space    used 15166K, capacity 16919K, committed 20736K, reserved 1048576K
GC Heap History (10 events):
Event: 10389.283 GC heap after
Heap after GC invocations=99 (full 13):
 PSYoungGen      total 876544K, used 119784K [0x0000000780000000, 0x00000007c0000000, 0x00000007c0000000)
  eden space 756736K, 0% used [0x0000000780000000,0x0000000780000000,0x00000007ae300000)
  from space 119808K, 99% used [0x00000007b8b00000,0x00000007bfffa2e0,0x00000007c0000000)
  to   space 145920K, 0% used [0x00000007ae300000,0x00000007ae300000,0x00000007b7180000)
 ParOldGen       total 1879040K, used 1531286K [0x0000000700000000, 0x0000000772b00000, 0x0000000780000000)
  object space 1879040K, 81% used [0x0000000700000000,0x000000075d765928,0x0000000772b00000)
 Metaspace       used 141389K, capacity 153244K, committed 153560K, reserved 1181696K
  class space    used 18277K, capacity 20413K, committed 20480K, reserved 1048576K
}
Event: 11507.364 GC heap before
{Heap before GC invocations=100 (full 13):
 PSYoungGen      total 876544K, used 848646K [0x0000000780000000, 0x00000007c0000000, 0x00000007c0000000)
  eden space 756736K, 96% used [0x0000000780000000,0x00000007ac7c76b8,0x00000007ae300000)
  from space 119808K, 99% used [0x00000007b8b00000,0x00000007bfffa2e0,0x00000007c0000000)
  to   space 145920K, 0% used [0x00000007ae300000,0x00000007ae300000,0x00000007b7180000)
 ParOldGen       total 1879040K, used 1531286K [0x0000000700000000, 0x0000000772b00000, 0x0000000780000000)
  object space 1879040K, 81% used [0x0000000700000000,0x000000075d765928,0x0000000772b00000)
 Metaspace       used 143475K, capacity 155414K, committed 155608K, reserved 1183744K
  class space    used 18535K, capacity 20682K, committed 20736K, reserved 1048576K
Event: 11507.480 GC heap after
Heap after GC invocations=100 (full 13):
 PSYoungGen      total 902656K, used 145911K [0x0000000780000000, 0x00000007c0000000, 0x00000007c0000000)
  eden space 756736K, 0% used [0x0000000780000000,0x0000000780000000,0x00000007ae300000)
  from space 145920K, 99% used [0x00000007ae300000,0x00000007b717df28,0x00000007b7180000)
  to   space 145920K, 0% used [0x00000007b7180000,0x00000007b7180000,0x00000007c0000000)
 ParOldGen       total 1879040K, used 1572865K [0x0000000700000000, 0x0000000772b00000, 0x0000000780000000)
  object space 1879040K, 83% used [0x0000000700000000,0x0000000760000640,0x0000000772b00000)
 Metaspace       used 143475K, capacity 155414K, committed 155608K, reserved 1183744K
  class space    used 18535K, capacity 20682K, committed 20736K, reserved 1048576K
}
Event: 11507.480 GC heap before
{Heap before GC invocations=101 (full 14):
 PSYoungGen      total 902656K, used 145911K [0x0000000780000000, 0x00000007c0000000, 0x00000007c0000000)
  eden space 756736K, 0% used [0x0000000780000000,0x0000000780000000,0x00000007ae300000)
  from space 145920K, 99% used [0x00000007ae300000,0x00000007b717df28,0x00000007b7180000)
  to   space 145920K, 0% used [0x00000007b7180000,0x00000007b7180000,0x00000007c0000000)
 ParOldGen       total 1879040K, used 1572865K [0x0000000700000000, 0x0000000772b00000, 0x0000000780000000)
  object space 1879040K, 83% used [0x0000000700000000,0x0000000760000640,0x0000000772b00000)
 Metaspace       used 143475K, capacity 155414K, committed 155608K, reserved 1183744K
  class space    used 18535K, capacity 20682K, committed 20736K, reserved 1048576K
Event: 11510.316 GC heap after
Heap after GC invocations=101 (full 14):
 PSYoungGen      total 902656K, used 0K [0x0000000780000000, 0x00000007c0000000, 0x00000007c0000000)
  eden space 756736K, 0% used [0x0000000780000000,0x0000000780000000,0x00000007ae300000)
  from space 145920K, 0% used [0x00000007ae300000,0x00000007ae300000,0x00000007b7180000)
  to   space 145920K, 0% used [0x00000007b7180000,0x00000007b7180000,0x00000007c0000000)
 ParOldGen       total 1879040K, used 281706K [0x0000000700000000, 0x0000000772b00000, 0x0000000780000000)
  object space 1879040K, 14% used [0x0000000700000000,0x000000071131a9d0,0x0000000772b00000)
 Metaspace       used 114415K, capacity 124168K, committed 155608K, reserved 1183744K
  class space    used 14633K, capacity 16357K, committed 20736K, reserved 1048576K
}
Event: 12835.324 GC heap before
{Heap before GC invocations=102 (full 14):
 PSYoungGen      total 902656K, used 756736K [0x0000000780000000, 0x00000007c0000000, 0x00000007c0000000)
  eden space 756736K, 100% used [0x0000000780000000,0x00000007ae300000,0x00000007ae300000)
  from space 145920K, 0% used [0x00000007ae300000,0x00000007ae300000,0x00000007b7180000)
  to   space 145920K, 0% used [0x00000007b7180000,0x00000007b7180000,0x00000007c0000000)
 ParOldGen       total 1879040K, used 281706K [0x0000000700000000, 0x0000000772b00000, 0x0000000780000000)
  object space 1879040K, 14% used [0x0000000700000000,0x000000071131a9d0,0x0000000772b00000)
 Metaspace       used 116495K, capacity 126324K, committed 155608K, reserved 1183744K
  class space    used 14898K, capacity 16635K, committed 20736K, reserved 1048576K
Event: 12835.421 GC heap after
Heap after GC invocations=102 (full 14):
 PSYoungGen      total 846336K, used 70484K [0x0000000780000000, 0x00000007c0000000, 0x00000007c0000000)
  eden space 700416K, 0% used [0x0000000780000000,0x0000000780000000,0x00000007aac00000)
  from space 145920K, 48% used [0x00000007b7180000,0x00000007bb6550e8,0x00000007c0000000)
  to   space 174080K, 0% used [0x00000007aac00000,0x00000007aac00000,0x00000007b5600000)
 ParOldGen       total 1879040K, used 281706K [0x0000000700000000, 0x0000000772b00000, 0x0000000780000000)
  object space 1879040K, 14% used [0x0000000700000000,0x000000071131a9d0,0x0000000772b00000)
 Metaspace       used 116495K, capacity 126324K, committed 155608K, reserved 1183744K
  class space    used 14898K, capacity 16635K, committed 20736K, reserved 1048576K
}
Event: 12854.566 GC heap before
{Heap before GC invocations=103 (full 14):
 PSYoungGen      total 846336K, used 770900K [0x0000000780000000, 0x00000007c0000000, 0x00000007c0000000)
  eden space 700416K, 100% used [0x0000000780000000,0x00000007aac00000,0x00000007aac00000)
  from space 145920K, 48% used [0x00000007b7180000,0x00000007bb6550e8,0x00000007c0000000)
  to   space 174080K, 0% used [0x00000007aac00000,0x00000007aac00000,0x00000007b5600000)
 ParOldGen       total 1879040K, used 281706K [0x0000000700000000, 0x0000000772b00000, 0x0000000780000000)
  object space 1879040K, 14% used [0x0000000700000000,0x000000071131a9d0,0x0000000772b00000)
 Metaspace       used 118010K, capacity 127932K, committed 155608K, reserved 1183744K
  class space    used 15082K, capacity 16851K, committed 20736K, reserved 1048576K
Event: 12854.642 GC heap after
Heap after GC invocations=103 (full 14):
 PSYoungGen      total 825856K, used 125203K [0x0000000780000000, 0x00000007c0000000, 0x00000007c0000000)
  eden space 700416K, 0% used [0x0000000780000000,0x0000000780000000,0x00000007aac00000)
  from space 125440K, 99% used [0x00000007aac00000,0x00000007b2644e18,0x00000007b2680000)
  to   space 177152K, 0% used [0x00000007b5300000,0x00000007b5300000,0x00000007c0000000)
 ParOldGen       total 1879040K, used 281706K [0x0000000700000000, 0x0000000772b00000, 0x0000000780000000)
  object space 1879040K, 14% used [0x0000000700000000,0x000000071131a9d0,0x0000000772b00000)
 Metaspace       used 118010K, capacity 127932K, committed 155608K, reserved 1183744K
  class space    used 15082K, capacity 16851K, committed 20736K, reserved 1048576K
}
Event: 12922.989 GC heap before
{Heap before GC invocations=104 (full 14):
 PSYoungGen      total 825856K, used 823900K [0x0000000780000000, 0x00000007c0000000, 0x00000007c0000000)
  eden space 700416K, 99% used [0x0000000780000000,0x00000007aaa525e0,0x00000007aac00000)
  from space 125440K, 99% used [0x00000007aac00000,0x00000007b2644e18,0x00000007b2680000)
  to   space 177152K, 0% used [0x00000007b5300000,0x00000007b5300000,0x00000007c0000000)
 ParOldGen       total 1879040K, used 281706K [0x0000000700000000, 0x0000000772b00000, 0x0000000780000000)
  object space 1879040K, 14% used [0x0000000700000000,0x000000071131a9d0,0x0000000772b00000)
 Metaspace       used 118752K, capacity 128664K, committed 155608K, reserved 1183744K
  class space    used 15166K, capacity 16919K, committed 20736K, reserved 1048576K

